Optimized Custom TID ART-OLC Benchmark
Results file: b.csv
Creating ART-OLC tree with optimized custom TID implementation...
Pre-populating tree with 100000000 keys...
Inserted 0 keys...
Inserted 1000000 keys...
Inserted 2000000 keys...
Inserted 3000000 keys...
Inserted 4000000 keys...
Inserted 5000000 keys...
Inserted 6000000 keys...
Inserted 7000000 keys...
Inserted 8000000 keys...
Inserted 9000000 keys...
Inserted 10000000 keys...
Inserted 11000000 keys...
Inserted 12000000 keys...
Inserted 13000000 keys...
Inserted 14000000 keys...
Inserted 15000000 keys...
Inserted 16000000 keys...
Inserted 17000000 keys...
Inserted 18000000 keys...
Inserted 19000000 keys...
Inserted 20000000 keys...
Inserted 21000000 keys...
Inserted 22000000 keys...
Inserted 23000000 keys...
Inserted 24000000 keys...
Inserted 25000000 keys...
Inserted 26000000 keys...
Inserted 27000000 keys...
Inserted 28000000 keys...
Inserted 29000000 keys...
Inserted 30000000 keys...
Inserted 31000000 keys...
Inserted 32000000 keys...
Inserted 33000000 keys...
Inserted 34000000 keys...
Inserted 35000000 keys...
Inserted 36000000 keys...
Inserted 37000000 keys...
Inserted 38000000 keys...
Inserted 39000000 keys...
Inserted 40000000 keys...
Inserted 41000000 keys...
Inserted 42000000 keys...
Inserted 43000000 keys...
Inserted 44000000 keys...
Inserted 45000000 keys...
Inserted 46000000 keys...
Inserted 47000000 keys...
Inserted 48000000 keys...
Inserted 49000000 keys...
Inserted 50000000 keys...
Inserted 51000000 keys...
Inserted 52000000 keys...
Inserted 53000000 keys...
Inserted 54000000 keys...
Inserted 55000000 keys...
Inserted 56000000 keys...
Inserted 57000000 keys...
Inserted 58000000 keys...
Inserted 59000000 keys...
Inserted 60000000 keys...
Inserted 61000000 keys...
Inserted 62000000 keys...
Inserted 63000000 keys...
Inserted 64000000 keys...
Inserted 65000000 keys...
Inserted 66000000 keys...
Inserted 67000000 keys...
Inserted 68000000 keys...
Inserted 69000000 keys...
Inserted 70000000 keys...
Inserted 71000000 keys...
Inserted 72000000 keys...
Inserted 73000000 keys...
Inserted 74000000 keys...
Inserted 75000000 keys...
Inserted 76000000 keys...
Inserted 77000000 keys...
Inserted 78000000 keys...
Inserted 79000000 keys...
Inserted 80000000 keys...
Inserted 81000000 keys...
Inserted 82000000 keys...
Inserted 83000000 keys...
Inserted 84000000 keys...
Inserted 85000000 keys...
Inserted 86000000 keys...
Inserted 87000000 keys...
Inserted 88000000 keys...
Inserted 89000000 keys...
Inserted 90000000 keys...
Inserted 91000000 keys...
Inserted 92000000 keys...
Inserted 93000000 keys...
Inserted 94000000 keys...
Inserted 95000000 keys...
Inserted 96000000 keys...
Inserted 97000000 keys...
Inserted 98000000 keys...
Inserted 99000000 keys...
Tree populated successfully!
Starting version number marking with limit: 12500000 version numbers
Processed 1000000 nodes, Version numbers used: 1000000, Cache flush nodes: 0
Processed 2000000 nodes, Version numbers used: 2000000, Cache flush nodes: 0
Processed 3000000 nodes, Version numbers used: 3000000, Cache flush nodes: 0
Processed 4000000 nodes, Version numbers used: 4000000, Cache flush nodes: 0
Processed 5000000 nodes, Version numbers used: 5000000, Cache flush nodes: 0
Processed 6000000 nodes, Version numbers used: 6000000, Cache flush nodes: 0
Processed 7000000 nodes, Version numbers used: 7000000, Cache flush nodes: 0
Processed 8000000 nodes, Version numbers used: 8000000, Cache flush nodes: 0
Processed 9000000 nodes, Version numbers used: 9000000, Cache flush nodes: 0
Processed 10000000 nodes, Version numbers used: 10000000, Cache flush nodes: 0
Processed 11000000 nodes, Version numbers used: 11000000, Cache flush nodes: 0
Processed 12000000 nodes, Version numbers used: 12000000, Cache flush nodes: 0
Processed 13000000 nodes, Version numbers used: 13000000, Cache flush nodes: 500000
Processed 14000000 nodes, Version numbers used: 14000000, Cache flush nodes: 1500000
Processed 15000000 nodes, Version numbers used: 15000000, Cache flush nodes: 2500000
Processed 16000000 nodes, Version numbers used: 16000000, Cache flush nodes: 3500000
Processed 17000000 nodes, Version numbers used: 17000000, Cache flush nodes: 4500000
Processed 18000000 nodes, Version numbers used: 18000000, Cache flush nodes: 5500000
Processed 19000000 nodes, Version numbers used: 19000000, Cache flush nodes: 6500000
Processed 20000000 nodes, Version numbers used: 20000000, Cache flush nodes: 7500000
Processed 21000000 nodes, Version numbers used: 21000000, Cache flush nodes: 8500000
Processed 22000000 nodes, Version numbers used: 22000000, Cache flush nodes: 9500000
Processed 23000000 nodes, Version numbers used: 23000000, Cache flush nodes: 10500000
Processed 24000000 nodes, Version numbers used: 24000000, Cache flush nodes: 11500000
Processed 25000000 nodes, Version numbers used: 25000000, Cache flush nodes: 12500000
Processed 26000000 nodes, Version numbers used: 26000000, Cache flush nodes: 13500000
Processed 27000000 nodes, Version numbers used: 27000000, Cache flush nodes: 14500000
Processed 28000000 nodes, Version numbers used: 28000000, Cache flush nodes: 15500000
Processed 29000000 nodes, Version numbers used: 29000000, Cache flush nodes: 16500000
Processed 30000000 nodes, Version numbers used: 30000000, Cache flush nodes: 17500000
Processed 31000000 nodes, Version numbers used: 31000000, Cache flush nodes: 18500000
Processed 32000000 nodes, Version numbers used: 32000000, Cache flush nodes: 19500000
Processed 33000000 nodes, Version numbers used: 33000000, Cache flush nodes: 20500000
Processed 34000000 nodes, Version numbers used: 34000000, Cache flush nodes: 21500000
Version number marking completed. Total nodes processed: 34355491, Version numbers used: 34355491, Cache flush nodes: 21855491
Starting benchmark with 9 threads...
Optimized Custom TID Benchmark Results:
GET | Threads: 9 | Avg Latency: 7656.82 ns/op | Throughput: 1175422.22 ops/s
PUT | Threads: 9 | Avg Latency: 9582.24 ns/op | Throughput: 939237.84 ops/s
Total | Threads: 9 | Throughput: 1160839.96 ops/s | Avg Latency: 7753.01 ns/op
Total failures: 0
Writing row with 5 columns
Number of cache flushes: 570804454
