Results file: c.csv
Creating ARTOLC tree and inserting data...
Inserted 20000000 random key/value pairs.
Key not found: 0
Key not found: 0
Key not found: 0
Key not found: 0
Key not found: 0
Key not found: 0
Key not found: 0
Key not found: 0
Key not found: 0
Key not found: 0
Key not found: 0
Key not found: 0
Key not found: 0
Lat size659714306
Write Lat size0
GET | Threads: 35 | Avg Latency: 156.87 ns/op
PUT | Threads: 35 | Avg Latency: 0.00 ns/op
Total | Threads: 35 | Throughput: 223117925.44 ops/s | Avg Latency: 156.87 ns/op
Writing row with 5 columns
Done.
